Copyright 1986-2021 Xilinx, Inc. All Rights Reserved.
-----------------------------------------------------------------------------------------------------------------------------------------------------------------------------------
| Tool Version : Vivado v.2021.1 (win64) Build 3247384 Thu Jun 10 19:36:33 MDT 2021
| Date         : Sun Nov 14 11:46:52 2021
| Host         : LAPTOP-BL8SG95L running 64-bit major release  (build 9200)
| Command      : report_timing_summary -max_paths 10 -file HOME_timing_summary_routed.rpt -pb HOME_timing_summary_routed.pb -rpx HOME_timing_summary_routed.rpx -warn_on_violation
| Design       : HOME
| Device       : 7a35t-csg324
| Speed File   : -3  PRODUCTION 1.23 2018-06-13
-----------------------------------------------------------------------------------------------------------------------------------------------------------------------------------

Timing Summary Report

------------------------------------------------------------------------------------------------
| Timer Settings
| --------------
------------------------------------------------------------------------------------------------

  Enable Multi Corner Analysis               :  Yes
  Enable Pessimism Removal                   :  Yes
  Pessimism Removal Resolution               :  Nearest Common Node
  Enable Input Delay Default Clock           :  No
  Enable Preset / Clear Arcs                 :  No
  Disable Flight Delays                      :  No
  Ignore I/O Paths                           :  No
  Timing Early Launch at Borrowing Latches   :  No
  Borrow Time for Max Delay Exceptions       :  Yes
  Merge Timing Exceptions                    :  Yes

  Corner  Analyze    Analyze    
  Name    Max Paths  Min Paths  
  ------  ---------  ---------  
  Slow    Yes        Yes        
  Fast    Yes        Yes        


------------------------------------------------------------------------------------------------
| Report Methodology
| ------------------
------------------------------------------------------------------------------------------------

Rule       Severity          Description                   Violations  
---------  ----------------  ----------------------------  ----------  
TIMING-17  Critical Warning  Non-clocked sequential cell   612         
LUTAR-1    Warning           LUT drives async reset alert  58          
TIMING-20  Warning           Non-clocked latch             83          

Note: This report is based on the most recent report_methodology run and may not be up-to-date. Run report_methodology on the current design for the latest report.



check_timing report

Table of Contents
-----------------
1. checking no_clock (968)
2. checking constant_clock (0)
3. checking pulse_width_clock (0)
4. checking unconstrained_internal_endpoints (1144)
5. checking no_input_delay (14)
6. checking no_output_delay (40)
7. checking multiple_clock (0)
8. checking generated_clocks (0)
9. checking loops (0)
10. checking partial_input_delay (0)
11. checking partial_output_delay (0)
12. checking latch_loops (0)

1. checking no_clock (968)
--------------------------
 There are 531 register/latch pins with no clock driven by root clock pin: IN_CLK (HIGH)

 There are 5 register/latch pins with no clock driven by root clock pin: IN_SWITCH[0] (HIGH)

 There are 5 register/latch pins with no clock driven by root clock pin: DATA_MODE_reg[0]/Q (HIGH)

 There are 5 register/latch pins with no clock driven by root clock pin: DATA_MODE_reg[1]/Q (HIGH)

 There are 5 register/latch pins with no clock driven by root clock pin: DATA_MODE_reg[2]/Q (HIGH)

 There are 6 register/latch pins with no clock driven by root clock pin: M1/t/clk100ms_reg/Q (HIGH)

 There are 9 register/latch pins with no clock driven by root clock pin: M1/t/clk10ms_reg/Q (HIGH)

 There are 6 register/latch pins with no clock driven by root clock pin: M1/t/pos_reg[0]/Q (HIGH)

 There are 6 register/latch pins with no clock driven by root clock pin: M1/t/pos_reg[1]/Q (HIGH)

 There are 6 register/latch pins with no clock driven by root clock pin: M1/t/pos_reg[2]/Q (HIGH)

 There are 6 register/latch pins with no clock driven by root clock pin: M1/t/pos_reg[3]/Q (HIGH)

 There are 6 register/latch pins with no clock driven by root clock pin: M1/t/pos_reg[4]/Q (HIGH)

 There are 6 register/latch pins with no clock driven by root clock pin: M1/t/pos_reg[5]/Q (HIGH)

 There are 6 register/latch pins with no clock driven by root clock pin: M1/t/pos_reg[6]/Q (HIGH)

 There are 6 register/latch pins with no clock driven by root clock pin: M1/t/pos_reg[7]/Q (HIGH)

 There are 33 register/latch pins with no clock driven by root clock pin: M2/t/new_clk_reg/Q (HIGH)

 There are 12 register/latch pins with no clock driven by root clock pin: M3/clk5ms_reg/Q (HIGH)

 There are 15 register/latch pins with no clock driven by root clock pin: M3/sec_reg[0]/Q (HIGH)

 There are 15 register/latch pins with no clock driven by root clock pin: M3/sec_reg[1]/Q (HIGH)

 There are 15 register/latch pins with no clock driven by root clock pin: M3/sec_reg[2]/Q (HIGH)

 There are 15 register/latch pins with no clock driven by root clock pin: M3/sec_reg[3]/Q (HIGH)

 There are 15 register/latch pins with no clock driven by root clock pin: M3/sec_reg[4]/Q (HIGH)

 There are 15 register/latch pins with no clock driven by root clock pin: M3/sec_reg[5]/Q (HIGH)

 There are 15 register/latch pins with no clock driven by root clock pin: M3/sec_reg[6]/Q (HIGH)

 There are 15 register/latch pins with no clock driven by root clock pin: M3/sec_reg[7]/Q (HIGH)

 There are 14 register/latch pins with no clock driven by root clock pin: M4/clk5ms_reg/Q (HIGH)

 There is 1 register/latch pin with no clock driven by root clock pin: M4/hour_reg[0]/Q (HIGH)

 There is 1 register/latch pin with no clock driven by root clock pin: M4/hour_reg[1]/Q (HIGH)

 There is 1 register/latch pin with no clock driven by root clock pin: M4/hour_reg[2]/Q (HIGH)

 There is 1 register/latch pin with no clock driven by root clock pin: M4/hour_reg[3]/Q (HIGH)

 There is 1 register/latch pin with no clock driven by root clock pin: M4/hour_reg[4]/Q (HIGH)

 There is 1 register/latch pin with no clock driven by root clock pin: M4/hour_reg[5]/Q (HIGH)

 There is 1 register/latch pin with no clock driven by root clock pin: M4/hour_reg[6]/Q (HIGH)

 There is 1 register/latch pin with no clock driven by root clock pin: M4/hour_reg[7]/Q (HIGH)

 There are 4 register/latch pins with no clock driven by root clock pin: M4/inset_reg[0]/Q (HIGH)

 There are 4 register/latch pins with no clock driven by root clock pin: M4/inset_reg[1]/Q (HIGH)

 There are 4 register/latch pins with no clock driven by root clock pin: M4/inset_reg[2]/Q (HIGH)

 There is 1 register/latch pin with no clock driven by root clock pin: M4/min_reg[0]/Q (HIGH)

 There is 1 register/latch pin with no clock driven by root clock pin: M4/min_reg[1]/Q (HIGH)

 There is 1 register/latch pin with no clock driven by root clock pin: M4/min_reg[2]/Q (HIGH)

 There is 1 register/latch pin with no clock driven by root clock pin: M4/min_reg[3]/Q (HIGH)

 There is 1 register/latch pin with no clock driven by root clock pin: M4/min_reg[4]/Q (HIGH)

 There is 1 register/latch pin with no clock driven by root clock pin: M4/min_reg[5]/Q (HIGH)

 There is 1 register/latch pin with no clock driven by root clock pin: M4/min_reg[6]/Q (HIGH)

 There is 1 register/latch pin with no clock driven by root clock pin: M4/min_reg[7]/Q (HIGH)

 There is 1 register/latch pin with no clock driven by root clock pin: M4/ms_reg[0]/Q (HIGH)

 There is 1 register/latch pin with no clock driven by root clock pin: M4/ms_reg[1]/Q (HIGH)

 There is 1 register/latch pin with no clock driven by root clock pin: M4/ms_reg[2]/Q (HIGH)

 There is 1 register/latch pin with no clock driven by root clock pin: M4/ms_reg[3]/Q (HIGH)

 There is 1 register/latch pin with no clock driven by root clock pin: M4/ms_reg[4]/Q (HIGH)

 There is 1 register/latch pin with no clock driven by root clock pin: M4/ms_reg[5]/Q (HIGH)

 There is 1 register/latch pin with no clock driven by root clock pin: M4/ms_reg[6]/Q (HIGH)

 There are 5 register/latch pins with no clock driven by root clock pin: M4/pause_reg/Q (HIGH)

 There are 16 register/latch pins with no clock driven by root clock pin: M4/sec_reg[0]/Q (HIGH)

 There are 16 register/latch pins with no clock driven by root clock pin: M4/sec_reg[1]/Q (HIGH)

 There are 16 register/latch pins with no clock driven by root clock pin: M4/sec_reg[2]/Q (HIGH)

 There are 16 register/latch pins with no clock driven by root clock pin: M4/sec_reg[3]/Q (HIGH)

 There are 16 register/latch pins with no clock driven by root clock pin: M4/sec_reg[4]/Q (HIGH)

 There are 16 register/latch pins with no clock driven by root clock pin: M4/sec_reg[5]/Q (HIGH)

 There are 16 register/latch pins with no clock driven by root clock pin: M4/sec_reg[6]/Q (HIGH)

 There are 16 register/latch pins with no clock driven by root clock pin: M4/sec_reg[7]/Q (HIGH)

 There are 7 register/latch pins with no clock driven by root clock pin: UT0/new_clk_reg/Q (HIGH)


2. checking constant_clock (0)
------------------------------
 There are 0 register/latch pins with constant_clock.


3. checking pulse_width_clock (0)
---------------------------------
 There are 0 register/latch pins which need pulse_width check


4. checking unconstrained_internal_endpoints (1144)
---------------------------------------------------
 There are 1144 pins that are not constrained for maximum delay. (HIGH)

 There are 0 pins that are not constrained for maximum delay due to constant clock.


5. checking no_input_delay (14)
-------------------------------
 There are 14 input ports with no input delay specified. (HIGH)

 There are 0 input ports with no input delay but user has a false path constraint.


6. checking no_output_delay (40)
--------------------------------
 There are 40 ports with no output delay specified. (HIGH)

 There are 0 ports with no output delay but user has a false path constraint

 There are 0 ports with no output delay but with a timing clock defined on it or propagating through it


7. checking multiple_clock (0)
------------------------------
 There are 0 register/latch pins with multiple clocks.


8. checking generated_clocks (0)
--------------------------------
 There are 0 generated clocks that are not connected to a clock source.


9. checking loops (0)
---------------------
 There are 0 combinational loops in the design.


10. checking partial_input_delay (0)
------------------------------------
 There are 0 input ports with partial input delay specified.


11. checking partial_output_delay (0)
-------------------------------------
 There are 0 ports with partial output delay specified.


12. checking latch_loops (0)
----------------------------
 There are 0 combinational latch loops in the design through latch input



------------------------------------------------------------------------------------------------
| Design Timing Summary
| ---------------------
------------------------------------------------------------------------------------------------

    WNS(ns)      TNS(ns)  TNS Failing Endpoints  TNS Total Endpoints      WHS(ns)      THS(ns)  THS Failing Endpoints  THS Total Endpoints     WPWS(ns)     TPWS(ns)  TPWS Failing Endpoints  TPWS Total Endpoints  
    -------      -------  ---------------------  -------------------      -------      -------  ---------------------  -------------------     --------     --------  ----------------------  --------------------  
         NA           NA                     NA                   NA           NA           NA                     NA                   NA           NA           NA                      NA                    NA  


There are no user specified timing constraints.


------------------------------------------------------------------------------------------------
| Clock Summary
| -------------
------------------------------------------------------------------------------------------------


------------------------------------------------------------------------------------------------
| Intra Clock Table
| -----------------
------------------------------------------------------------------------------------------------

Clock             WNS(ns)      TNS(ns)  TNS Failing Endpoints  TNS Total Endpoints      WHS(ns)      THS(ns)  THS Failing Endpoints  THS Total Endpoints     WPWS(ns)     TPWS(ns)  TPWS Failing Endpoints  TPWS Total Endpoints  
-----             -------      -------  ---------------------  -------------------      -------      -------  ---------------------  -------------------     --------     --------  ----------------------  --------------------  


------------------------------------------------------------------------------------------------
| Inter Clock Table
| -----------------
------------------------------------------------------------------------------------------------

From Clock    To Clock          WNS(ns)      TNS(ns)  TNS Failing Endpoints  TNS Total Endpoints      WHS(ns)      THS(ns)  THS Failing Endpoints  THS Total Endpoints  
----------    --------          -------      -------  ---------------------  -------------------      -------      -------  ---------------------  -------------------  


------------------------------------------------------------------------------------------------
| Other Path Groups Table
| -----------------------
------------------------------------------------------------------------------------------------

Path Group    From Clock    To Clock          WNS(ns)      TNS(ns)  TNS Failing Endpoints  TNS Total Endpoints      WHS(ns)      THS(ns)  THS Failing Endpoints  THS Total Endpoints  
----------    ----------    --------          -------      -------  ---------------------  -------------------      -------      -------  ---------------------  -------------------  


------------------------------------------------------------------------------------------------
| Timing Details
| --------------
------------------------------------------------------------------------------------------------


